<?xml version="1.0" encoding="UTF-8"?>
<!-- Generated by org.testng.reporters.JUnitReportReporter -->
<testsuite hostname="ISIPLMUMLP219" failures="0" tests="5" name="TestNGDemo.TestNGDemo.day1" time="0.017" errors="0" timestamp="2022-08-20T06:04:28 IST" skipped="0">
  <testcase classname="TestNGDemo.TestNGDemo.day1" name="demo" time="0.001"/>
  <system-out/>
  <testcase classname="TestNGDemo.TestNGDemo.day1" name="demo" time="0.000"/>
  <system-out/>
  <testcase classname="TestNGDemo.TestNGDemo.day1" name="demo" time="0.009"/>
  <system-out/>
  <testcase classname="TestNGDemo.TestNGDemo.day1" name="demo3" time="0.001"/>
  <system-out/>
  <testcase classname="TestNGDemo.TestNGDemo.day1" name="demo2" time="0.006"/>
  <system-out/>
</testsuite> <!-- TestNGDemo.TestNGDemo.day1 -->
