<?xml version="1.0" encoding="UTF-8"?>
<!-- Generated by org.testng.reporters.JUnitReportReporter -->
<testsuite hostname="ISIPLMUMLP219" failures="0" tests="3" name="TestNGDemo.TestNGDemo.day3" time="0.011" errors="0" timestamp="2022-08-20T06:04:28 IST" skipped="0">
  <testcase classname="TestNGDemo.TestNGDemo.day3" name="APILoginHomeLoan" time="0.004"/>
  <system-out/>
  <testcase classname="TestNGDemo.TestNGDemo.day3" name="WebLoginHomeLoan" time="0.003"/>
  <system-out/>
  <testcase classname="TestNGDemo.TestNGDemo.day3" name="MobileLoginHomeLoan" time="0.004"/>
  <system-out/>
</testsuite> <!-- TestNGDemo.TestNGDemo.day3 -->
