<?xml version="1.0" encoding="UTF-8"?>
<!-- Generated by org.testng.reporters.JUnitReportReporter -->
<testsuite hostname="ISIPLMUMLP219" failures="0" tests="1" name="TestNGDemo.TestNGDemo.day2" time="0.006" errors="0" timestamp="2022-08-20T06:04:28 IST" skipped="0">
  <testcase classname="TestNGDemo.TestNGDemo.day2" name="demo3" time="0.006"/>
  <system-out/>
</testsuite> <!-- TestNGDemo.TestNGDemo.day2 -->
