<?xml version="1.0" encoding="UTF-8"?>
<!-- Generated by org.testng.reporters.JUnitReportReporter -->
<testsuite hostname="ISIPLMUMLP219" failures="0" tests="3" name="TestNGDemo.TestNGDemo.AnnotationTypeDemo" time="0.010" errors="0" timestamp="2022-08-20T06:04:28 IST" skipped="0">
  <testcase classname="TestNGDemo.TestNGDemo.AnnotationTypeDemo" name="test2" time="0.006"/>
  <system-out/>
  <testcase classname="TestNGDemo.TestNGDemo.AnnotationTypeDemo" name="test1" time="0.002"/>
  <system-out/>
  <testcase classname="TestNGDemo.TestNGDemo.AnnotationTypeDemo" name="test3" time="0.002"/>
  <system-out/>
</testsuite> <!-- TestNGDemo.TestNGDemo.AnnotationTypeDemo -->
